<?xml version="1.0" encoding="UTF-8"?>
<TestRun id="7bf98c82-2732-4795-9933-73af6b7e7933" name="eric.domke@G5130 2014-06-30 16:43:22" runUser="WONDERLAN\eric.domke" xmlns="http://microsoft.com/schemas/VisualStudio/TeamTest/2010">
  <TestSettings name="Local" id="ad4d99d5-165f-493c-9b8f-937d51b9a02a">
    <Description>These are default test settings for a local test run.</Description>
    <Deployment userDeploymentRoot="C:\Users\edomke\Documents\GitHub\SVG\Source\TestResults" useDefaultDeploymentRoot="false" enabled="false" runDeploymentRoot="eric.domke_G5130 2014-06-30 16_43_22">
      <DeploymentItem filename="C:\Users\edomke\Documents\GitHub\vvvv\public\common\src\thirdparty\Svg.dll" />
    </Deployment>
    <Execution>
      <TestTypeSpecific />
      <AgentRule name="Execution Agents">
      </AgentRule>
    </Execution>
  </TestSettings>
  <Times creation="2014-06-30T16:43:22.4028101-04:00" queuing="2014-06-30T16:43:24.2628101-04:00" start="2014-06-30T16:43:24.3228101-04:00" finish="2014-06-30T16:43:46.6538101-04:00" />
  <ResultSummary outcome="Error">
    <Counters total="1" executed="1" error="0" failed="0" timeout="0" aborted="1" inconclusive="0" passedButRunAborted="0" notRunnable="0" notExecuted="0" disconnected="0" warning="0" passed="0" completed="0" inProgress="0" pending="0" />
    <RunInfos>
      <RunInfo computerName="G5130" outcome="Error" timestamp="2014-06-30T16:43:46.6528101-04:00">
        <Text>Test host process exited unexpectedly.</Text>
      </RunInfo>
    </RunInfos>
  </ResultSummary>
  <TestDefinitions>
    <UnitTest name="TestDescendants" storage="c:\users\edomke\documents\github\svg\source\svg.unittests\bin\debug\svg.unittests.dll" id="2422b99b-f3cc-d94b-5c30-c25d9ff9e9a3">
      <Execution id="54b71061-6716-42af-a756-b975a19ace7b" />
      <TestMethod codeBase="C:/Users/edomke/Documents/GitHub/SVG/Source/Svg.UnitTests/bin/Debug/Svg.UnitTests.DLL" adapterTypeName="Microsoft.VisualStudio.TestTools.TestTypes.Unit.UnitTestAdapter, Microsoft.VisualStudio.QualityTools.Tips.UnitTest.Adapter, Version=10.0.0.0, Culture=neutral, PublicKeyToken=b03f5f7f11d50a3a" className="Svg.UnitTests.ExtensionsTest, Svg.UnitTests, Version=1.0.0.0, Culture=neutral, PublicKeyToken=null" name="TestDescendants" />
    </UnitTest>
  </TestDefinitions>
  <TestLists>
    <TestList name="Results Not in a List" id="8c84fa94-04c1-424b-9868-57a2d4851a1d" />
    <TestList name="All Loaded Results" id="19431567-8539-422a-85d7-44ee4e166bda" />
  </TestLists>
  <TestEntries>
    <TestEntry testId="2422b99b-f3cc-d94b-5c30-c25d9ff9e9a3" executionId="54b71061-6716-42af-a756-b975a19ace7b" testListId="8c84fa94-04c1-424b-9868-57a2d4851a1d" />
  </TestEntries>
  <Results>
    <UnitTestResult executionId="54b71061-6716-42af-a756-b975a19ace7b" testId="2422b99b-f3cc-d94b-5c30-c25d9ff9e9a3" testName="TestDescendants" computerName="G5130" duration="00:00:22.2780000" startTime="2014-06-30T16:43:24.3758101-04:00" endTime="2014-06-30T16:43:46.6538101-04:00" testType="13cdc9d9-ddb5-4fa4-a97d-d965ccfc6d4b" outcome="Aborted" testListId="8c84fa94-04c1-424b-9868-57a2d4851a1d" relativeResultsDirectory="54b71061-6716-42af-a756-b975a19ace7b">
    </UnitTestResult>
  </Results>
</TestRun>